<?xml version="1.0" encoding="UTF-8"?>
<testng-results skipped="0" failed="0" ignored="0" total="1" passed="1">
  <reporter-output>
  </reporter-output>
  <suite name="Assessment for SDET" duration-ms="13026" started-at="2018-06-30T03:14:57Z" finished-at="2018-06-30T03:15:10Z">
    <groups>
    </groups>
    <test name="Question2 Module" duration-ms="13026" started-at="2018-06-30T03:14:57Z" finished-at="2018-06-30T03:15:10Z">
      <class name="TestCases.TestHomePage">
        <test-method status="PASS" signature="setUp(java.lang.String, java.lang.String, java.lang.String)[pri:0, instance:TestCases.TestHomePage@7c29daf3]" name="setUp" is-config="true" duration-ms="8609" started-at="2018-06-30T03:14:57Z" finished-at="2018-06-30T03:15:05Z">
          <params>
            <param index="0">
              <value>
                <![CDATA[Firefox]]>
              </value>
            </param>
            <param index="1">
              <value>
                <![CDATA[Mac OS]]>
              </value>
            </param>
            <param index="2">
              <value>
                <![CDATA[https://www.weightwatchers.com/us/]]>
              </value>
            </param>
          </params>
          <reporter-output>
          </reporter-output>
        </test-method> <!-- setUp -->
        <test-method status="PASS" signature="testFindAMeeting()[pri:0, instance:TestCases.TestHomePage@7c29daf3]" name="testFindAMeeting" duration-ms="3768" started-at="2018-06-30T03:15:05Z" finished-at="2018-06-30T03:15:09Z">
          <reporter-output>
          </reporter-output>
        </test-method> <!-- testFindAMeeting -->
        <test-method status="PASS" signature="tearDown()[pri:0, instance:TestCases.TestHomePage@7c29daf3]" name="tearDown" is-config="true" duration-ms="631" started-at="2018-06-30T03:15:09Z" finished-at="2018-06-30T03:15:10Z">
          <reporter-output>
          </reporter-output>
        </test-method> <!-- tearDown -->
      </class> <!-- TestCases.TestHomePage -->
    </test> <!-- Question2 Module -->
  </suite> <!-- Assessment for SDET -->
</testng-results>
